2019-11-04 15:58:34,705 [Worker-0: Loading available Gradle versions] INFO  o.e.b.c.i.u.g.PublishedGradleVersions - Gradle version information cache is out-of-date. Trying to update.
2019-11-04 16:06:12,715 [Worker-5: Import Getting Started Content] INFO  o.e.m.c.i.l.LifecycleMappingFactory - Using org.maven.ide.eclipse.wtp.WarLifecycleMapping lifecycle mapping for MavenProject: com.garage:ProjetGestionGarages:0.0.1-SNAPSHOT @ C:\Users\PERSO\Documents\Cours\ProjetGarage\ProjetSprinBootGarages\ProjetGestionGarages\pom.xml.
2019-11-04 16:06:16,064 [Worker-5: Import Getting Started Content] INFO  o.e.m.j.i.AbstractJavaProjectConfigurator - Adding source folder /ProjetGestionGarages/src/main/java
2019-11-04 16:06:16,064 [Worker-5: Import Getting Started Content] INFO  o.e.m.j.i.AbstractJavaProjectConfigurator - Adding resource folder /ProjetGestionGarages/src/main/resources
2019-11-04 16:06:16,079 [Worker-5: Import Getting Started Content] INFO  o.e.m.j.i.AbstractJavaProjectConfigurator - Adding resource folder /ProjetGestionGarages/src/main/resources
2019-11-04 16:06:16,095 [Worker-5: Import Getting Started Content] INFO  o.e.m.j.i.AbstractJavaProjectConfigurator - Adding source folder /ProjetGestionGarages/src/test/java
2019-11-04 16:06:20,004 [Worker-5: Import Getting Started Content] INFO  o.e.m.c.i.p.ProjectConfigurationManager - Imported and configured 1 project(s) in 11 sec
2019-11-04 16:06:20,014 [Worker-5: Import Getting Started Content] INFO  o.e.m.c.i.p.ProjectConfigurationManager - Update started
2019-11-04 16:06:20,969 [Worker-5: Import Getting Started Content] INFO  o.e.m.c.i.l.LifecycleMappingFactory - Using org.maven.ide.eclipse.wtp.WarLifecycleMapping lifecycle mapping for MavenProject: com.garage:ProjetGestionGarages:0.0.1-SNAPSHOT @ C:\Users\PERSO\Documents\Cours\ProjetGarage\ProjetSprinBootGarages\ProjetGestionGarages\pom.xml.
2019-11-04 16:06:23,142 [Worker-5: Import Getting Started Content] INFO  o.e.m.j.i.AbstractJavaProjectConfigurator - Adding source folder /ProjetGestionGarages/src/main/java
2019-11-04 16:06:23,142 [Worker-5: Import Getting Started Content] INFO  o.e.m.j.i.AbstractJavaProjectConfigurator - Adding resource folder /ProjetGestionGarages/src/main/resources
2019-11-04 16:06:23,142 [Worker-5: Import Getting Started Content] INFO  o.e.m.j.i.AbstractJavaProjectConfigurator - Adding resource folder /ProjetGestionGarages/src/main/resources
2019-11-04 16:06:23,146 [Worker-5: Import Getting Started Content] INFO  o.e.m.j.i.AbstractJavaProjectConfigurator - Adding source folder /ProjetGestionGarages/src/test/java
2019-11-04 16:06:24,615 [Worker-5: Import Getting Started Content] INFO  o.e.m.w.i.f.ResourceFilteringBuildParticipant - Cleaning filtered folder for ProjetGestionGarages
2019-11-04 16:06:24,630 [Worker-5: Import Getting Started Content] INFO  o.e.m.c.i.p.ProjectConfigurationManager - Update completed: 4 sec
2019-11-04 16:06:27,521 [Worker-5: Building workspace] INFO  o.e.m.c.i.embedder.EclipseLogger - Using 'UTF-8' encoding to copy filtered resources.
2019-11-04 16:06:27,531 [Worker-5: Building workspace] INFO  o.e.m.c.i.embedder.EclipseLogger - Copying 1 resource
2019-11-04 16:06:27,551 [Worker-5: Building workspace] INFO  o.e.m.c.i.embedder.EclipseLogger - Copying 0 resource
2019-11-04 16:06:27,559 [Worker-5: Building workspace] INFO  o.e.m.c.i.embedder.EclipseLogger - Using 'UTF-8' encoding to copy filtered resources.
2019-11-04 16:06:27,559 [Worker-5: Building workspace] INFO  o.e.m.c.i.embedder.EclipseLogger - skip non existing resourceDirectory C:\Users\PERSO\Documents\Cours\ProjetGarage\ProjetSprinBootGarages\ProjetGestionGarages\src\test\resources
2019-11-04 16:06:27,561 [Worker-5: Building workspace] INFO  o.e.m.w.i.f.ResourceFilteringBuildParticipant - Changed resources require a complete clean of filtered resources of ProjetGestionGarages
2019-11-04 16:06:27,561 [Worker-5: Building workspace] INFO  o.e.m.w.i.f.ResourceFilteringBuildParticipant - Executing resource filtering for ProjetGestionGarages
2019-11-04 16:06:27,570 [Worker-5: Building workspace] INFO  o.e.m.c.i.embedder.EclipseLogger - Using 'UTF-8' encoding to copy filtered resources.
